
> safenet-frontend@1.0.0 start
> react-scripts start

(node:155452) [DEP_WEBPACK_DEV_SERVER_ON_AFTER_SETUP_MIDDLEWARE] DeprecationWarning: 'onAfterSetupMiddleware' option is deprecated. Please use the 'setupMiddlewares' option.
(Use `node --trace-deprecation ...` to show where the warning was created)
(node:155452) [DEP_WEBPACK_DEV_SERVER_ON_BEFORE_SETUP_MIDDLEWARE] DeprecationWarning: 'onBeforeSetupMiddleware' option is deprecated. Please use the 'setupMiddlewares' option.
Starting the development server...

Compiled successfully!

You can now view safenet-frontend in the browser.

  Local:            http://localhost:3000
  On Your Network:  http://192.168.162.161:3000

Note that the development build is not optimized.
To create a production build, use npm run build.

webpack compiled successfully
Compiling...
Compiled successfully!
webpack compiled successfully
Compiling...
Compiled successfully!
webpack compiled successfully
Compiling...
Failed to compile.

Module not found: Error: Can't resolve './QuizModal' in '/home/juma-samwel-onyango/SafeNet/frontend/src/components'
ERROR in ./src/components/CurriculumList.js 6:0-36
Module not found: Error: Can't resolve './QuizModal' in '/home/juma-samwel-onyango/SafeNet/frontend/src/components'

webpack compiled with 1 error
Compiling...
Compiled successfully!
webpack compiled successfully
Compiling...
Compiled successfully!
webpack compiled successfully
Compiling...
Compiled with warnings.

[eslint] 
src/pages/Curriculum.js
  Line 8:11:  't' is assigned a value but never used  no-unused-vars

Search for the keywords to learn more about each warning.
To ignore, add // eslint-disable-next-line to the line before.

WARNING in [eslint] 
src/pages/Curriculum.js
  Line 8:11:  't' is assigned a value but never used  no-unused-vars

webpack compiled with 1 warning
Compiling...
Compiled with warnings.

[eslint] 
src/pages/Curriculum.js
  Line 8:11:  't' is assigned a value but never used  no-unused-vars

Search for the keywords to learn more about each warning.
To ignore, add // eslint-disable-next-line to the line before.

WARNING in [eslint] 
src/pages/Curriculum.js
  Line 8:11:  't' is assigned a value but never used  no-unused-vars

webpack compiled with 1 warning
Compiling...
Compiled with warnings.

[eslint] 
src/pages/Curriculum.js
  Line 8:11:  't' is assigned a value but never used  no-unused-vars

Search for the keywords to learn more about each warning.
To ignore, add // eslint-disable-next-line to the line before.

WARNING in [eslint] 
src/pages/Curriculum.js
  Line 8:11:  't' is assigned a value but never used  no-unused-vars

webpack compiled with 1 warning
Compiling...
Compiled with warnings.

[eslint] 
src/pages/Curriculum.js
  Line 8:11:  't' is assigned a value but never used  no-unused-vars

Search for the keywords to learn more about each warning.
To ignore, add // eslint-disable-next-line to the line before.

WARNING in [eslint] 
src/pages/Curriculum.js
  Line 8:11:  't' is assigned a value but never used  no-unused-vars

webpack compiled with 1 warning
Compiling...
Compiled with warnings.

[eslint] 
src/pages/Curriculum.js
  Line 8:11:  't' is assigned a value but never used  no-unused-vars

Search for the keywords to learn more about each warning.
To ignore, add // eslint-disable-next-line to the line before.

WARNING in [eslint] 
src/pages/Curriculum.js
  Line 8:11:  't' is assigned a value but never used  no-unused-vars

webpack compiled with 1 warning
Compiling...
Compiled with warnings.

[eslint] 
src/components/CurriculumList.js
  Line 6:11:  't' is assigned a value but never used  no-unused-vars

src/pages/Curriculum.js
  Line 8:11:  't' is assigned a value but never used  no-unused-vars

Search for the keywords to learn more about each warning.
To ignore, add // eslint-disable-next-line to the line before.

WARNING in [eslint] 
src/components/CurriculumList.js
  Line 6:11:  't' is assigned a value but never used  no-unused-vars

src/pages/Curriculum.js
  Line 8:11:  't' is assigned a value but never used  no-unused-vars

webpack compiled with 1 warning
Compiling...
Compiled with warnings.

[eslint] 
src/pages/Curriculum.js
  Line 8:11:  't' is assigned a value but never used  no-unused-vars

Search for the keywords to learn more about each warning.
To ignore, add // eslint-disable-next-line to the line before.

WARNING in [eslint] 
src/pages/Curriculum.js
  Line 8:11:  't' is assigned a value but never used  no-unused-vars

webpack compiled with 1 warning
Compiling...
Compiled with warnings.

[eslint] 
src/pages/Curriculum.js
  Line 8:11:  't' is assigned a value but never used  no-unused-vars

Search for the keywords to learn more about each warning.
To ignore, add // eslint-disable-next-line to the line before.

WARNING in [eslint] 
src/pages/Curriculum.js
  Line 8:11:  't' is assigned a value but never used  no-unused-vars

webpack compiled with 1 warning
Compiling...
Compiled with warnings.

[eslint] 
src/pages/Curriculum.js
  Line 8:11:  't' is assigned a value but never used  no-unused-vars

Search for the keywords to learn more about each warning.
To ignore, add // eslint-disable-next-line to the line before.

WARNING in [eslint] 
src/pages/Curriculum.js
  Line 8:11:  't' is assigned a value but never used  no-unused-vars

webpack compiled with 1 warning
Compiling...
Compiled with warnings.

[eslint] 
src/pages/Curriculum.js
  Line 8:11:  't' is assigned a value but never used  no-unused-vars

Search for the keywords to learn more about each warning.
To ignore, add // eslint-disable-next-line to the line before.

WARNING in [eslint] 
src/pages/Curriculum.js
  Line 8:11:  't' is assigned a value but never used  no-unused-vars

webpack compiled with 1 warning
Compiling...
Compiled with warnings.

[eslint] 
src/pages/Curriculum.js
  Line 8:11:  't' is assigned a value but never used  no-unused-vars

Search for the keywords to learn more about each warning.
To ignore, add // eslint-disable-next-line to the line before.

WARNING in [eslint] 
src/pages/Curriculum.js
  Line 8:11:  't' is assigned a value but never used  no-unused-vars

webpack compiled with 1 warning
Compiling...
Compiled with warnings.

[eslint] 
src/pages/Curriculum.js
  Line 8:11:  't' is assigned a value but never used  no-unused-vars

Search for the keywords to learn more about each warning.
To ignore, add // eslint-disable-next-line to the line before.

WARNING in [eslint] 
src/pages/Curriculum.js
  Line 8:11:  't' is assigned a value but never used  no-unused-vars

webpack compiled with 1 warning
Compiling...
Compiled with warnings.

[eslint] 
src/pages/Curriculum.js
  Line 8:11:  't' is assigned a value but never used  no-unused-vars

Search for the keywords to learn more about each warning.
To ignore, add // eslint-disable-next-line to the line before.

WARNING in [eslint] 
src/pages/Curriculum.js
  Line 8:11:  't' is assigned a value but never used  no-unused-vars

webpack compiled with 1 warning
Compiling...
Compiled with warnings.

[eslint] 
src/pages/Curriculum.js
  Line 8:11:  't' is assigned a value but never used  no-unused-vars

Search for the keywords to learn more about each warning.
To ignore, add // eslint-disable-next-line to the line before.

WARNING in [eslint] 
src/pages/Curriculum.js
  Line 8:11:  't' is assigned a value but never used  no-unused-vars

webpack compiled with 1 warning
Compiling...
Compiled with warnings.

[eslint] 
src/pages/Curriculum.js
  Line 8:11:  't' is assigned a value but never used  no-unused-vars

Search for the keywords to learn more about each warning.
To ignore, add // eslint-disable-next-line to the line before.

WARNING in [eslint] 
src/pages/Curriculum.js
  Line 8:11:  't' is assigned a value but never used  no-unused-vars

webpack compiled with 1 warning
Compiling...
Compiled with warnings.

[eslint] 
src/pages/Curriculum.js
  Line 8:11:  't' is assigned a value but never used  no-unused-vars

Search for the keywords to learn more about each warning.
To ignore, add // eslint-disable-next-line to the line before.

WARNING in [eslint] 
src/pages/Curriculum.js
  Line 8:11:  't' is assigned a value but never used  no-unused-vars

webpack compiled with 1 warning
Compiling...
Compiled with warnings.

[eslint] 
src/pages/Curriculum.js
  Line 8:11:  't' is assigned a value but never used  no-unused-vars

Search for the keywords to learn more about each warning.
To ignore, add // eslint-disable-next-line to the line before.

WARNING in [eslint] 
src/pages/Curriculum.js
  Line 8:11:  't' is assigned a value but never used  no-unused-vars

webpack compiled with 1 warning
Compiling...
Compiled with warnings.

[eslint] 
src/pages/Curriculum.js
  Line 8:11:  't' is assigned a value but never used  no-unused-vars

Search for the keywords to learn more about each warning.
To ignore, add // eslint-disable-next-line to the line before.

WARNING in [eslint] 
src/pages/Curriculum.js
  Line 8:11:  't' is assigned a value but never used  no-unused-vars

webpack compiled with 1 warning
Compiling...
Compiled with warnings.

[eslint] 
src/pages/Curriculum.js
  Line 8:11:  't' is assigned a value but never used  no-unused-vars

Search for the keywords to learn more about each warning.
To ignore, add // eslint-disable-next-line to the line before.

WARNING in [eslint] 
src/pages/Curriculum.js
  Line 8:11:  't' is assigned a value but never used  no-unused-vars

webpack compiled with 1 warning
Compiling...
Compiled with warnings.

[eslint] 
src/components/QuizModal.js
  Line 5:11:  't' is assigned a value but never used  no-unused-vars

src/pages/Curriculum.js
  Line 8:11:  't' is assigned a value but never used  no-unused-vars

Search for the keywords to learn more about each warning.
To ignore, add // eslint-disable-next-line to the line before.

WARNING in [eslint] 
src/components/QuizModal.js
  Line 5:11:  't' is assigned a value but never used  no-unused-vars

src/pages/Curriculum.js
  Line 8:11:  't' is assigned a value but never used  no-unused-vars

webpack compiled with 1 warning
Compiling...
Compiled with warnings.

[eslint] 
src/components/QuizModal.js
  Line 5:11:  't' is assigned a value but never used  no-unused-vars

src/pages/Curriculum.js
  Line 8:11:  't' is assigned a value but never used  no-unused-vars

Search for the keywords to learn more about each warning.
To ignore, add // eslint-disable-next-line to the line before.

WARNING in [eslint] 
src/components/QuizModal.js
  Line 5:11:  't' is assigned a value but never used  no-unused-vars

src/pages/Curriculum.js
  Line 8:11:  't' is assigned a value but never used  no-unused-vars

webpack compiled with 1 warning
Compiling...
Compiled with warnings.

[eslint] 
src/pages/Curriculum.js
  Line 8:11:  't' is assigned a value but never used  no-unused-vars

Search for the keywords to learn more about each warning.
To ignore, add // eslint-disable-next-line to the line before.

WARNING in [eslint] 
src/pages/Curriculum.js
  Line 8:11:  't' is assigned a value but never used  no-unused-vars

webpack compiled with 1 warning
Compiling...
Compiled with warnings.

[eslint] 
src/pages/Curriculum.js
  Line 8:11:  't' is assigned a value but never used  no-unused-vars

Search for the keywords to learn more about each warning.
To ignore, add // eslint-disable-next-line to the line before.

WARNING in [eslint] 
src/pages/Curriculum.js
  Line 8:11:  't' is assigned a value but never used  no-unused-vars

webpack compiled with 1 warning
Compiling...
Compiled with warnings.

[eslint] 
src/pages/Curriculum.js
  Line 8:11:  't' is assigned a value but never used  no-unused-vars

Search for the keywords to learn more about each warning.
To ignore, add // eslint-disable-next-line to the line before.

WARNING in [eslint] 
src/pages/Curriculum.js
  Line 8:11:  't' is assigned a value but never used  no-unused-vars

webpack compiled with 1 warning
Compiling...
Compiled with warnings.

[eslint] 
src/pages/Curriculum.js
  Line 8:11:  't' is assigned a value but never used  no-unused-vars

Search for the keywords to learn more about each warning.
To ignore, add // eslint-disable-next-line to the line before.

WARNING in [eslint] 
src/pages/Curriculum.js
  Line 8:11:  't' is assigned a value but never used  no-unused-vars

webpack compiled with 1 warning
Compiling...
Compiled with warnings.

[eslint] 
src/pages/Curriculum.js
  Line 8:11:  't' is assigned a value but never used  no-unused-vars

Search for the keywords to learn more about each warning.
To ignore, add // eslint-disable-next-line to the line before.

WARNING in [eslint] 
src/pages/Curriculum.js
  Line 8:11:  't' is assigned a value but never used  no-unused-vars

webpack compiled with 1 warning
Compiling...
Compiled with warnings.

[eslint] 
src/pages/Curriculum.js
  Line 8:11:  't' is assigned a value but never used  no-unused-vars

Search for the keywords to learn more about each warning.
To ignore, add // eslint-disable-next-line to the line before.

WARNING in [eslint] 
src/pages/Curriculum.js
  Line 8:11:  't' is assigned a value but never used  no-unused-vars

webpack compiled with 1 warning
Compiling...
Compiled with warnings.

[eslint] 
src/pages/Curriculum.js
  Line 8:11:  't' is assigned a value but never used  no-unused-vars

Search for the keywords to learn more about each warning.
To ignore, add // eslint-disable-next-line to the line before.

WARNING in [eslint] 
src/pages/Curriculum.js
  Line 8:11:  't' is assigned a value but never used  no-unused-vars

webpack compiled with 1 warning
Compiling...
Compiled with warnings.

[eslint] 
src/pages/Curriculum.js
  Line 8:11:  't' is assigned a value but never used  no-unused-vars

Search for the keywords to learn more about each warning.
To ignore, add // eslint-disable-next-line to the line before.

WARNING in [eslint] 
src/pages/Curriculum.js
  Line 8:11:  't' is assigned a value but never used  no-unused-vars

webpack compiled with 1 warning
Compiling...
Compiled with warnings.

[eslint] 
src/pages/Curriculum.js
  Line 8:11:  't' is assigned a value but never used  no-unused-vars

Search for the keywords to learn more about each warning.
To ignore, add // eslint-disable-next-line to the line before.

WARNING in [eslint] 
src/pages/Curriculum.js
  Line 8:11:  't' is assigned a value but never used  no-unused-vars

webpack compiled with 1 warning
Compiling...
Compiled with warnings.

[eslint] 
src/pages/Curriculum.js
  Line 8:11:  't' is assigned a value but never used  no-unused-vars

Search for the keywords to learn more about each warning.
To ignore, add // eslint-disable-next-line to the line before.

WARNING in [eslint] 
src/pages/Curriculum.js
  Line 8:11:  't' is assigned a value but never used  no-unused-vars

webpack compiled with 1 warning
Compiling...
Compiled with warnings.

[eslint] 
src/pages/Curriculum.js
  Line 8:11:  't' is assigned a value but never used  no-unused-vars

Search for the keywords to learn more about each warning.
To ignore, add // eslint-disable-next-line to the line before.

WARNING in [eslint] 
src/pages/Curriculum.js
  Line 8:11:  't' is assigned a value but never used  no-unused-vars

webpack compiled with 1 warning
Compiling...
Compiled with warnings.

[eslint] 
src/pages/Curriculum.js
  Line 8:11:  't' is assigned a value but never used  no-unused-vars

Search for the keywords to learn more about each warning.
To ignore, add // eslint-disable-next-line to the line before.

WARNING in [eslint] 
src/pages/Curriculum.js
  Line 8:11:  't' is assigned a value but never used  no-unused-vars

webpack compiled with 1 warning
Compiling...
Compiled with warnings.

[eslint] 
src/pages/Curriculum.js
  Line 8:11:  't' is assigned a value but never used  no-unused-vars

Search for the keywords to learn more about each warning.
To ignore, add // eslint-disable-next-line to the line before.

WARNING in [eslint] 
src/pages/Curriculum.js
  Line 8:11:  't' is assigned a value but never used  no-unused-vars

webpack compiled with 1 warning
Compiling...
Compiled with warnings.

[eslint] 
src/pages/Curriculum.js
  Line 8:11:  't' is assigned a value but never used  no-unused-vars

Search for the keywords to learn more about each warning.
To ignore, add // eslint-disable-next-line to the line before.

WARNING in [eslint] 
src/pages/Curriculum.js
  Line 8:11:  't' is assigned a value but never used  no-unused-vars

webpack compiled with 1 warning
Compiling...
Compiled with warnings.

[eslint] 
src/App.js
  Line 20:8:  'AdminCurriculumEditor' is defined but never used  no-unused-vars

src/components/AdminCurriculumEditor.js
  Line 104:11:  't' is assigned a value but never used  no-unused-vars

src/pages/Curriculum.js
  Line 8:11:  't' is assigned a value but never used  no-unused-vars

Search for the keywords to learn more about each warning.
To ignore, add // eslint-disable-next-line to the line before.

WARNING in [eslint] 
src/App.js
  Line 20:8:  'AdminCurriculumEditor' is defined but never used  no-unused-vars

src/components/AdminCurriculumEditor.js
  Line 104:11:  't' is assigned a value but never used  no-unused-vars

src/pages/Curriculum.js
  Line 8:11:  't' is assigned a value but never used  no-unused-vars

webpack compiled with 1 warning
Compiling...
Compiled with warnings.

[eslint] 
src/components/AdminCurriculumEditor.js
  Line 104:11:  't' is assigned a value but never used  no-unused-vars

src/pages/Curriculum.js
  Line 8:11:  't' is assigned a value but never used  no-unused-vars

Search for the keywords to learn more about each warning.
To ignore, add // eslint-disable-next-line to the line before.

WARNING in [eslint] 
src/components/AdminCurriculumEditor.js
  Line 104:11:  't' is assigned a value but never used  no-unused-vars

src/pages/Curriculum.js
  Line 8:11:  't' is assigned a value but never used  no-unused-vars

webpack compiled with 1 warning
Compiling...
Compiled with warnings.

[eslint] 
src/components/AdminCurriculumEditor.js
  Line 104:11:  't' is assigned a value but never used  no-unused-vars

src/pages/Curriculum.js
  Line 8:11:  't' is assigned a value but never used  no-unused-vars

Search for the keywords to learn more about each warning.
To ignore, add // eslint-disable-next-line to the line before.

WARNING in [eslint] 
src/components/AdminCurriculumEditor.js
  Line 104:11:  't' is assigned a value but never used  no-unused-vars

src/pages/Curriculum.js
  Line 8:11:  't' is assigned a value but never used  no-unused-vars

webpack compiled with 1 warning
Compiling...
Compiled with warnings.

[eslint] 
src/components/AdminCurriculumEditor.js
  Line 104:11:  't' is assigned a value but never used  no-unused-vars

src/components/Navbar.js
  Line 3:23:  'FaLock' is defined but never used       no-unused-vars
  Line 3:31:  'FaHeartbeat' is defined but never used  no-unused-vars
  Line 3:44:  'FaUsers' is defined but never used      no-unused-vars

src/pages/Curriculum.js
  Line 8:11:  't' is assigned a value but never used  no-unused-vars

Search for the keywords to learn more about each warning.
To ignore, add // eslint-disable-next-line to the line before.

WARNING in [eslint] 
src/components/AdminCurriculumEditor.js
  Line 104:11:  't' is assigned a value but never used  no-unused-vars

src/components/Navbar.js
  Line 3:23:  'FaLock' is defined but never used       no-unused-vars
  Line 3:31:  'FaHeartbeat' is defined but never used  no-unused-vars
  Line 3:44:  'FaUsers' is defined but never used      no-unused-vars

src/pages/Curriculum.js
  Line 8:11:  't' is assigned a value but never used  no-unused-vars

webpack compiled with 1 warning
Compiling...
Compiled with warnings.

[eslint] 
src/components/AdminCurriculumEditor.js
  Line 104:11:  't' is assigned a value but never used  no-unused-vars

src/components/Navbar.js
  Line 3:23:  'FaLock' is defined but never used       no-unused-vars
  Line 3:31:  'FaHeartbeat' is defined but never used  no-unused-vars
  Line 3:44:  'FaUsers' is defined but never used      no-unused-vars

src/pages/Curriculum.js
  Line 8:11:  't' is assigned a value but never used  no-unused-vars

Search for the keywords to learn more about each warning.
To ignore, add // eslint-disable-next-line to the line before.

WARNING in [eslint] 
src/components/AdminCurriculumEditor.js
  Line 104:11:  't' is assigned a value but never used  no-unused-vars

src/components/Navbar.js
  Line 3:23:  'FaLock' is defined but never used       no-unused-vars
  Line 3:31:  'FaHeartbeat' is defined but never used  no-unused-vars
  Line 3:44:  'FaUsers' is defined but never used      no-unused-vars

src/pages/Curriculum.js
  Line 8:11:  't' is assigned a value but never used  no-unused-vars

webpack compiled with 1 warning
Compiling...
Compiled with warnings.

[eslint] 
src/components/AdminCurriculumEditor.js
  Line 104:11:  't' is assigned a value but never used  no-unused-vars

src/components/Navbar.js
  Line 3:23:  'FaLock' is defined but never used       no-unused-vars
  Line 3:31:  'FaHeartbeat' is defined but never used  no-unused-vars
  Line 3:44:  'FaUsers' is defined but never used      no-unused-vars

src/pages/Curriculum.js
  Line 8:11:  't' is assigned a value but never used  no-unused-vars

Search for the keywords to learn more about each warning.
To ignore, add // eslint-disable-next-line to the line before.

WARNING in [eslint] 
src/components/AdminCurriculumEditor.js
  Line 104:11:  't' is assigned a value but never used  no-unused-vars

src/components/Navbar.js
  Line 3:23:  'FaLock' is defined but never used       no-unused-vars
  Line 3:31:  'FaHeartbeat' is defined but never used  no-unused-vars
  Line 3:44:  'FaUsers' is defined but never used      no-unused-vars

src/pages/Curriculum.js
  Line 8:11:  't' is assigned a value but never used  no-unused-vars

webpack compiled with 1 warning
Compiling...
Compiled with warnings.

[eslint] 
src/components/AdminCurriculumEditor.js
  Line 104:11:  't' is assigned a value but never used  no-unused-vars

src/components/Navbar.js
  Line 3:23:  'FaLock' is defined but never used       no-unused-vars
  Line 3:31:  'FaHeartbeat' is defined but never used  no-unused-vars
  Line 3:44:  'FaUsers' is defined but never used      no-unused-vars

src/pages/Curriculum.js
  Line 8:11:  't' is assigned a value but never used  no-unused-vars

Search for the keywords to learn more about each warning.
To ignore, add // eslint-disable-next-line to the line before.

WARNING in [eslint] 
src/components/AdminCurriculumEditor.js
  Line 104:11:  't' is assigned a value but never used  no-unused-vars

src/components/Navbar.js
  Line 3:23:  'FaLock' is defined but never used       no-unused-vars
  Line 3:31:  'FaHeartbeat' is defined but never used  no-unused-vars
  Line 3:44:  'FaUsers' is defined but never used      no-unused-vars

src/pages/Curriculum.js
  Line 8:11:  't' is assigned a value but never used  no-unused-vars

webpack compiled with 1 warning
Compiling...
Compiled with warnings.

[eslint] 
src/components/AdminCurriculumEditor.js
  Line 104:11:  't' is assigned a value but never used  no-unused-vars

src/components/Navbar.js
  Line 3:23:  'FaLock' is defined but never used       no-unused-vars
  Line 3:31:  'FaHeartbeat' is defined but never used  no-unused-vars
  Line 3:44:  'FaUsers' is defined but never used      no-unused-vars

src/pages/Curriculum.js
  Line 8:11:  't' is assigned a value but never used  no-unused-vars

Search for the keywords to learn more about each warning.
To ignore, add // eslint-disable-next-line to the line before.

WARNING in [eslint] 
src/components/AdminCurriculumEditor.js
  Line 104:11:  't' is assigned a value but never used  no-unused-vars

src/components/Navbar.js
  Line 3:23:  'FaLock' is defined but never used       no-unused-vars
  Line 3:31:  'FaHeartbeat' is defined but never used  no-unused-vars
  Line 3:44:  'FaUsers' is defined but never used      no-unused-vars

src/pages/Curriculum.js
  Line 8:11:  't' is assigned a value but never used  no-unused-vars

webpack compiled with 1 warning
Compiling...
Compiled with warnings.

[eslint] 
src/components/AdminCurriculumEditor.js
  Line 104:11:  't' is assigned a value but never used  no-unused-vars

src/components/Navbar.js
  Line 3:23:  'FaLock' is defined but never used       no-unused-vars
  Line 3:31:  'FaHeartbeat' is defined but never used  no-unused-vars
  Line 3:44:  'FaUsers' is defined but never used      no-unused-vars

src/pages/Curriculum.js
  Line 8:11:  't' is assigned a value but never used  no-unused-vars

Search for the keywords to learn more about each warning.
To ignore, add // eslint-disable-next-line to the line before.

WARNING in [eslint] 
src/components/AdminCurriculumEditor.js
  Line 104:11:  't' is assigned a value but never used  no-unused-vars

src/components/Navbar.js
  Line 3:23:  'FaLock' is defined but never used       no-unused-vars
  Line 3:31:  'FaHeartbeat' is defined but never used  no-unused-vars
  Line 3:44:  'FaUsers' is defined but never used      no-unused-vars

src/pages/Curriculum.js
  Line 8:11:  't' is assigned a value but never used  no-unused-vars

webpack compiled with 1 warning
